{"/Users/giancarlosanchez/dappify/builder/src/lib/plugins/boilerplate-module/src/index.js": {"path":"/Users/giancarlosanchez/dappify/builder/src/lib/plugins/boilerplate-module/src/index.js","statementMap":{"0":{"start":{"line":4,"column":15},"end":{"line":8,"column":1}},"1":{"start":{"line":5,"column":13},"end":{"line":5,"column":34}},"2":{"start":{"line":6,"column":2},"end":{"line":6,"column":37}},"3":{"start":{"line":7,"column":2},"end":{"line":7,"column":47}}},"fnMap":{"0":{"name":"(anonymous_0)","decl":{"start":{"line":4,"column":15},"end":{"line":4,"column":16}},"loc":{"start":{"line":4,"column":27},"end":{"line":8,"column":1}},"line":4}},"branchMap":{},"s":{"0":0,"1":0,"2":0,"3":0},"f":{"0":0},"b":{}}
,"/Users/giancarlosanchez/dappify/builder/src/lib/plugins/boilerplate-module/src/components/block.js": {"path":"/Users/giancarlosanchez/dappify/builder/src/lib/plugins/boilerplate-module/src/components/block.js","statementMap":{"0":{"start":{"line":1,"column":14},"end":{"line":18,"column":1}}},"fnMap":{},"branchMap":{},"s":{"0":0},"f":{},"b":{}}
,"/Users/giancarlosanchez/dappify/builder/src/lib/plugins/boilerplate-module/src/components/properties.js": {"path":"/Users/giancarlosanchez/dappify/builder/src/lib/plugins/boilerplate-module/src/components/properties.js","statementMap":{"0":{"start":{"line":3,"column":19},"end":{"line":25,"column":1}},"1":{"start":{"line":4,"column":23},"end":{"line":4,"column":54}}},"fnMap":{"0":{"name":"(anonymous_0)","decl":{"start":{"line":4,"column":15},"end":{"line":4,"column":16}},"loc":{"start":{"line":4,"column":23},"end":{"line":4,"column":54}},"line":4}},"branchMap":{},"s":{"0":0,"1":0},"f":{"0":0},"b":{}}
,"/Users/giancarlosanchez/dappify/builder/src/lib/plugins/boilerplate-module/src/components/script.js": {"path":"/Users/giancarlosanchez/dappify/builder/src/lib/plugins/boilerplate-module/src/components/script.js","statementMap":{"0":{"start":{"line":3,"column":2},"end":{"line":3,"column":21}},"1":{"start":{"line":5,"column":15},"end":{"line":7,"column":3}},"2":{"start":{"line":6,"column":4},"end":{"line":6,"column":36}},"3":{"start":{"line":9,"column":2},"end":{"line":9,"column":9}}},"fnMap":{"0":{"name":"script","decl":{"start":{"line":2,"column":15},"end":{"line":2,"column":21}},"loc":{"start":{"line":2,"column":29},"end":{"line":10,"column":1}},"line":2},"1":{"name":"(anonymous_1)","decl":{"start":{"line":5,"column":15},"end":{"line":5,"column":16}},"loc":{"start":{"line":5,"column":27},"end":{"line":7,"column":3}},"line":5}},"branchMap":{},"s":{"0":0,"1":0,"2":0,"3":0},"f":{"0":0,"1":0},"b":{}}
}
